\BOOKMARK [1][-]{section*.2}{\376\377\000R\000\351\000s\000u\000m\000\351\000\040\000e\000x\000\351\000c\000u\000t\000i\000f}{}% 1
\BOOKMARK [1][-]{section.1}{\376\377\000I\000n\000t\000r\000o\000d\000u\000c\000t\000i\000o\000n\000\040\000e\000t\000\040\000c\000o\000n\000t\000e\000x\000t\000e}{}% 2
\BOOKMARK [2][-]{subsection.1.1}{\376\377\000M\000i\000s\000e\000\040\000e\000n\000\040\000c\000o\000n\000t\000e\000x\000t\000e\000\040\000d\000u\000\040\000p\000r\000o\000j\000e\000t}{section.1}% 3
\BOOKMARK [2][-]{subsection.1.2}{\376\377\000O\000b\000j\000e\000c\000t\000i\000f\000s\000\040\000d\000u\000\040\000r\000a\000p\000p\000o\000r\000t}{section.1}% 4
\BOOKMARK [2][-]{subsection.1.3}{\376\377\000M\000\351\000t\000h\000o\000d\000o\000l\000o\000g\000i\000e\000\040\000d\000e\000\040\000r\000e\000c\000h\000e\000r\000c\000h\000e}{section.1}% 5
\BOOKMARK [1][-]{section.2}{\376\377\000\311\000t\000a\000t\000\040\000d\000e\000\040\000l\040\031\000a\000r\000t\000\040\000d\000e\000s\000\040\000m\000\351\000t\000h\000o\000d\000e\000s}{}% 6
\BOOKMARK [2][-]{subsection.2.1}{\376\377\000F\000a\000m\000i\000l\000l\000e\000\040\000Y\000O\000L\000O\000\040\000\050\000Y\000o\000u\000\040\000O\000n\000l\000y\000\040\000L\000o\000o\000k\000\040\000O\000n\000c\000e\000\051}{section.2}% 7
\BOOKMARK [2][-]{subsection.2.2}{\376\377\000A\000r\000c\000h\000i\000t\000e\000c\000t\000u\000r\000e\000s\000\040\000T\000r\000a\000n\000s\000f\000o\000r\000m\000e\000r\000\040\000p\000o\000u\000r\000\040\000v\000i\000d\000\351\000o}{section.2}% 8
\BOOKMARK [2][-]{subsection.2.3}{\376\377\000D\000E\000T\000R\000\040\000e\000t\000\040\000v\000a\000r\000i\000a\000n\000t\000s}{section.2}% 9
\BOOKMARK [2][-]{subsection.2.4}{\376\377\000A\000g\000r\000\351\000g\000a\000t\000i\000o\000n\000\040\000t\000e\000m\000p\000o\000r\000e\000l\000l\000e\000\040\000i\000n\000t\000e\000r\000-\000f\000r\000a\000m\000e\000s}{section.2}% 10
\BOOKMARK [2][-]{subsection.2.5}{\376\377\000A\000p\000p\000r\000o\000c\000h\000e\000s\000\040\000\351\000m\000e\000r\000g\000e\000n\000t\000e\000s}{section.2}% 11
\BOOKMARK [2][-]{subsection.2.6}{\376\377\000T\000a\000b\000l\000e\000a\000u\000\040\000c\000o\000m\000p\000a\000r\000a\000t\000i\000f\000\040\000s\000y\000n\000t\000h\000\351\000t\000i\000q\000u\000e}{section.2}% 12
\BOOKMARK [1][-]{section.3}{\376\377\000D\000a\000t\000a\000s\000e\000t\000s\000\040\000d\000i\000s\000p\000o\000n\000i\000b\000l\000e\000s}{}% 13
\BOOKMARK [2][-]{subsection.3.1}{\376\377\000I\000m\000a\000g\000e\000N\000e\000t\000\040\000V\000I\000D}{section.3}% 14
\BOOKMARK [2][-]{subsection.3.2}{\376\377\000Y\000o\000u\000T\000u\000b\000e\000-\000V\000O\000S}{section.3}% 15
\BOOKMARK [2][-]{subsection.3.3}{\376\377\000C\000O\000C\000O\000\040\000\050\000C\000o\000m\000m\000o\000n\000\040\000O\000b\000j\000e\000c\000t\000s\000\040\000i\000n\000\040\000C\000o\000n\000t\000e\000x\000t\000\051}{section.3}% 16
\BOOKMARK [2][-]{subsection.3.4}{\376\377\000D\000A\000V\000I\000S\000\040\000\050\000D\000e\000n\000s\000e\000l\000y\000\040\000A\000n\000n\000o\000t\000a\000t\000e\000d\000\040\000V\000I\000d\000e\000o\000\040\000S\000e\000g\000m\000e\000n\000t\000a\000t\000i\000o\000n\000\051}{section.3}% 17
\BOOKMARK [2][-]{subsection.3.5}{\376\377\000O\000D\000-\000V\000I\000R\000A\000T}{section.3}% 18
\BOOKMARK [2][-]{subsection.3.6}{\376\377\000T\000a\000b\000l\000e\000a\000u\000\040\000c\000o\000m\000p\000a\000r\000a\000t\000i\000f\000\040\000d\000a\000t\000a\000s\000e\000t\000s}{section.3}% 19
\BOOKMARK [1][-]{section.4}{\376\377\000M\000\351\000t\000r\000i\000q\000u\000e\000s\000\040\000d\000e\000\040\000p\000e\000r\000f\000o\000r\000m\000a\000n\000c\000e}{}% 20
\BOOKMARK [2][-]{subsection.4.1}{\376\377\000M\000\351\000t\000r\000i\000q\000u\000e\000s\000\040\000d\000e\000\040\000p\000r\000\351\000c\000i\000s\000i\000o\000n\000\040\000s\000p\000a\000t\000i\000a\000l\000e}{section.4}% 21
\BOOKMARK [2][-]{subsection.4.2}{\376\377\000M\000\351\000t\000r\000i\000q\000u\000e\000s\000\040\000a\000g\000r\000\351\000g\000\351\000e\000s}{section.4}% 22
\BOOKMARK [2][-]{subsection.4.3}{\376\377\000M\000\351\000t\000r\000i\000q\000u\000e\000s\000\040\000d\000e\000\040\000v\000i\000t\000e\000s\000s\000e}{section.4}% 23
\BOOKMARK [2][-]{subsection.4.4}{\376\377\000C\000h\000o\000i\000x\000\040\000d\000e\000s\000\040\000m\000\351\000t\000r\000i\000q\000u\000e\000s\000\040\000s\000e\000l\000o\000n\000\040\000c\000a\000s\000\040\000d\000'\000u\000s\000a\000g\000e}{section.4}% 24
\BOOKMARK [2][-]{subsection.4.5}{\376\377\000T\000a\000b\000l\000e\000a\000u\000\040\000r\000\351\000c\000a\000p\000i\000t\000u\000l\000a\000t\000i\000f\000\240\000:\000\040\000M\000\351\000t\000r\000i\000q\000u\000e\000s\000\040\000p\000a\000r\000\040\000c\000a\000s\000\040\000d\000'\000u\000s\000a\000g\000e}{section.4}% 25
\BOOKMARK [1][-]{section.5}{\376\377\000T\000y\000p\000e\000s\000\040\000d\000'\000a\000p\000p\000r\000e\000n\000t\000i\000s\000s\000a\000g\000e}{}% 26
\BOOKMARK [2][-]{subsection.5.1}{\376\377\000A\000p\000p\000r\000e\000n\000t\000i\000s\000s\000a\000g\000e\000\040\000s\000u\000p\000e\000r\000v\000i\000s\000\351}{section.5}% 27
\BOOKMARK [2][-]{subsection.5.2}{\376\377\000A\000p\000p\000r\000e\000n\000t\000i\000s\000s\000a\000g\000e\000\040\000n\000o\000n\000\040\000s\000u\000p\000e\000r\000v\000i\000s\000\351}{section.5}% 28
\BOOKMARK [2][-]{subsection.5.3}{\376\377\000A\000p\000p\000r\000o\000c\000h\000e\000s\000\040\000h\000y\000b\000r\000i\000d\000e\000s}{section.5}% 29
\BOOKMARK [2][-]{subsection.5.4}{\376\377\000R\000e\000c\000o\000m\000m\000a\000n\000d\000a\000t\000i\000o\000n\000\040\000s\000t\000r\000a\000t\000\351\000g\000i\000q\000u\000e}{section.5}% 30
\BOOKMARK [1][-]{section.6}{\376\377\000V\000i\000e\000\040\000p\000r\000i\000v\000\351\000e\000\040\000e\000t\000\040\000s\000\351\000c\000u\000r\000i\000t\000\351}{}% 31
\BOOKMARK [2][-]{subsection.6.1}{\376\377\000C\000a\000d\000r\000e\000\040\000r\000\351\000g\000l\000e\000m\000e\000n\000t\000a\000i\000r\000e\000\040\000R\000G\000P\000D}{section.6}% 32
\BOOKMARK [2][-]{subsection.6.2}{\376\377\000\311\000v\000a\000l\000u\000a\000t\000i\000o\000n\000\040\000d\000'\000i\000m\000p\000a\000c\000t\000\040\000\050\000D\000P\000I\000A\000\051}{section.6}% 33
\BOOKMARK [2][-]{subsection.6.3}{\376\377\000M\000e\000s\000u\000r\000e\000s\000\040\000t\000e\000c\000h\000n\000i\000q\000u\000e\000s\000\040\000d\000e\000\040\000p\000r\000o\000t\000e\000c\000t\000i\000o\000n}{section.6}% 34
\BOOKMARK [2][-]{subsection.6.4}{\376\377\000T\000e\000c\000h\000n\000o\000l\000o\000g\000i\000e\000s\000\040\000a\000l\000t\000e\000r\000n\000a\000t\000i\000v\000e\000s}{section.6}% 35
\BOOKMARK [2][-]{subsection.6.5}{\376\377\000D\000o\000n\000n\000\351\000e\000s\000\040\000s\000e\000n\000s\000i\000b\000l\000e\000s\000\040\000\046\000\040\000m\000i\000n\000i\000m\000i\000s\000a\000t\000i\000o\000n}{section.6}% 36
\BOOKMARK [2][-]{subsection.6.6}{\376\377\000C\000h\000e\000c\000k\000l\000i\000s\000t\000\040\000d\000e\000\040\000c\000o\000n\000f\000o\000r\000m\000i\000t\000\351}{section.6}% 37
\BOOKMARK [1][-]{section.7}{\376\377\000D\000\351\000f\000i\000s\000\040\000e\000t\000\040\000l\000i\000m\000i\000t\000e\000s}{}% 38
\BOOKMARK [2][-]{subsection.7.1}{\376\377\000D\000\351\000f\000i\000s\000\040\000t\000e\000c\000h\000n\000i\000q\000u\000e\000s}{section.7}% 39
\BOOKMARK [2][-]{subsection.7.2}{\376\377\000B\000i\000a\000i\000s\000\040\000d\000e\000s\000\040\000d\000a\000t\000a\000s\000e\000t\000s}{section.7}% 40
\BOOKMARK [1][-]{section.8}{\376\377\000R\000e\000c\000o\000m\000m\000a\000n\000d\000a\000t\000i\000o\000n\000s\000\040\000e\000t\000\040\000f\000a\000i\000s\000a\000b\000i\000l\000i\000t\000\351}{}% 41
\BOOKMARK [2][-]{subsection.8.1}{\376\377\000M\000a\000t\000r\000i\000c\000e\000\040\000d\000\351\000c\000i\000s\000i\000o\000n\000n\000e\000l\000l\000e\000\040\000p\000a\000r\000\040\000c\000a\000s\000\040\000d\040\031\000u\000s\000a\000g\000e}{section.8}% 42
\BOOKMARK [2][-]{subsection.8.2}{\376\377\000R\000o\000a\000d\000m\000a\000p\000\040\000d\040\031\000i\000m\000p\000l\000\351\000m\000e\000n\000t\000a\000t\000i\000o\000n}{section.8}% 43
\BOOKMARK [2][-]{subsection.8.3}{\376\377\000E\000s\000t\000i\000m\000a\000t\000i\000o\000n\000\040\000d\000e\000s\000\040\000r\000e\000s\000s\000o\000u\000r\000c\000e\000s}{section.8}% 44
\BOOKMARK [2][-]{subsection.8.4}{\376\377\000R\000i\000s\000q\000u\000e\000s\000\040\000e\000t\000\040\000m\000i\000t\000i\000g\000a\000t\000i\000o\000n}{section.8}% 45
\BOOKMARK [2][-]{subsection.8.5}{\376\377\000C\000o\000n\000c\000l\000u\000s\000i\000o\000n\000\040\000s\000u\000r\000\040\000l\000a\000\040\000f\000a\000i\000s\000a\000b\000i\000l\000i\000t\000\351}{section.8}% 46
\BOOKMARK [1][-]{section.9}{\376\377\000C\000o\000n\000c\000l\000u\000s\000i\000o\000n}{}% 47
\BOOKMARK [1][-]{section.10}{\376\377\000S\000o\000u\000r\000c\000e\000s\000\040\000e\000t\000\040\000r\000\351\000f\000\351\000r\000e\000n\000c\000e\000s}{}% 48
\BOOKMARK [1][-]{section.11}{\376\377\000D\000\351\000t\000e\000c\000t\000i\000o\000n\000\040\000d\000u\000\040\000f\000e\000u\000\040\000e\000n\000\040\000m\000i\000l\000i\000e\000u\000\040\000u\000r\000b\000a\000i\000n\000\040\000:\000\040\000\351\000t\000a\000t\000\040\000d\000e\000\040\000l\000'\000a\000r\000t\000\040\000e\000t\000\040\000p\000i\000p\000e\000l\000i\000n\000e}{}% 49
\BOOKMARK [2][-]{subsection.11.1}{\376\377\000P\000r\000o\000b\000l\000\351\000m\000a\000t\000i\000q\000u\000e\000\040\000e\000t\000\040\000d\000\351\000f\000i\000n\000i\000t\000i\000o\000n\000s}{section.11}% 50
\BOOKMARK [2][-]{subsection.11.2}{\376\377\000M\000o\000d\000\350\000l\000e\000s\000\040\000S\000O\000T\000A\000\040\000e\000t\000\040\000c\000h\000o\000i\000x\000\040\000p\000r\000a\000t\000i\000q\000u\000e\000s}{section.11}% 51
\BOOKMARK [2][-]{subsection.11.3}{\376\377\000D\000o\000n\000n\000\351\000e\000s\000\040\000e\000t\000\040\000a\000n\000n\000o\000t\000a\000t\000i\000o\000n}{section.11}% 52
\BOOKMARK [2][-]{subsection.11.4}{\376\377\000A\000u\000g\000m\000e\000n\000t\000a\000t\000i\000o\000n\000s\000\040\000r\000e\000c\000o\000m\000m\000a\000n\000d\000\351\000e\000s}{section.11}% 53
\BOOKMARK [2][-]{subsection.11.5}{\376\377\000C\000o\000n\000f\000i\000g\000u\000r\000a\000t\000i\000o\000n\000\040\000d\000a\000t\000a\000s\000e\000t\000\040\000\050\000U\000l\000t\000r\000a\000l\000y\000t\000i\000c\000s\000\051}{section.11}% 54
\BOOKMARK [2][-]{subsection.11.6}{\376\377\000E\000n\000t\000r\000a\000\356\000n\000e\000m\000e\000n\000t\000\040\000\050\000U\000l\000t\000r\000a\000l\000y\000t\000i\000c\000s\000\040\000Y\000O\000L\000O\000\051}{section.11}% 55
\BOOKMARK [2][-]{subsection.11.7}{\376\377\000I\000n\000f\000\351\000r\000e\000n\000c\000e\000\040\000e\000t\000\040\000s\000e\000u\000i\000l\000s}{section.11}% 56
\BOOKMARK [2][-]{subsection.11.8}{\376\377\000\311\000v\000a\000l\000u\000a\000t\000i\000o\000n}{section.11}% 57
\BOOKMARK [2][-]{subsection.11.9}{\376\377\000D\000\351\000p\000l\000o\000i\000e\000m\000e\000n\000t\000\040\000e\000t\000\040\000c\000o\000n\000t\000r\000a\000i\000n\000t\000e\000s}{section.11}% 58
\BOOKMARK [2][-]{subsection.11.10}{\376\377\000R\000i\000s\000q\000u\000e\000s\000\040\000e\000t\000\040\000c\000o\000n\000f\000o\000r\000m\000i\000t\000\351}{section.11}% 59
\BOOKMARK [2][-]{subsection.11.11}{\376\377\000C\000h\000e\000c\000k\000l\000i\000s\000t\000\040\000r\000a\000p\000i\000d\000e}{section.11}% 60
